2023-06-27 00:20:06,281 INFO searchengine.services.impl.SearchServiceImpl [http-nio-8080-exec-8] Searching for "абсолютно" in - http://www.playback.ru
2023-06-27 00:20:06,295 INFO searchengine.services.impl.SearchServiceImpl [http-nio-8080-exec-8] Search done. Got results.
2023-06-27 09:26:16,646 WARN com.zaxxer.hikari.pool.HikariPool$HouseKeeper [HikariPool-1 housekeeper] HikariPool-1 - Thread starvation or clock leap detected (housekeeper delta=8h52m19s715ms760µs900ns).
2023-06-27 09:47:34,908 INFO org.springframework.orm.jpa.AbstractEntityManagerFactoryBean [SpringApplicationShutdownHook] Closing JPA EntityManagerFactory for persistence unit 'default'
2023-06-27 09:47:34,912 INFO com.zaxxer.hikari.HikariDataSource [SpringApplicationShutdownHook] HikariPool-1 - Shutdown initiated...
2023-06-27 09:47:34,922 INFO com.zaxxer.hikari.HikariDataSource [SpringApplicationShutdownHook] HikariPool-1 - Shutdown completed.
2023-06-27 09:47:46,416 INFO org.springframework.boot.StartupInfoLogger [main] Starting Application using Java 17.0.6 on DESKTOP-ERQUIGG with PID 13164 (C:\Users\79181\Desktop\skillbox\diplom\SearchEngine-master\SearchEngine-master\target\classes started by 79181 in C:\Users\79181\Desktop\skillbox\diplom\SearchEngine-master\SearchEngine-master)
2023-06-27 09:47:46,422 INFO org.springframework.boot.SpringApplication [main] No active profile set, falling back to 1 default profile: "default"
2023-06-27 09:47:48,383 INFO org.springframework.data.repository.config.RepositoryConfigurationDelegate [main] Bootstrapping Spring Data JPA repositories in DEFAULT mode.
2023-06-27 09:47:48,558 INFO org.springframework.data.repository.config.RepositoryConfigurationDelegate [main] Finished Spring Data repository scanning in 153 ms. Found 4 JPA repository interfaces.
2023-06-27 09:47:50,158 INFO org.springframework.boot.web.embedded.tomcat.TomcatWebServer [main] Tomcat initialized with port(s): 8080 (http)
2023-06-27 09:47:50,188 INFO org.apache.juli.logging.DirectJDKLog [main] Initializing ProtocolHandler ["http-nio-8080"]
2023-06-27 09:47:50,190 INFO org.apache.juli.logging.DirectJDKLog [main] Starting service [Tomcat]
2023-06-27 09:47:50,191 INFO org.apache.juli.logging.DirectJDKLog [main] Starting Servlet engine: [Apache Tomcat/9.0.65]
2023-06-27 09:47:50,483 INFO org.apache.juli.logging.DirectJDKLog [main] Initializing Spring embedded WebApplicationContext
2023-06-27 09:47:50,484 INFO org.springframework.boot.web.servlet.context.ServletWebServerApplicationContext [main] Root WebApplicationContext: initialization completed in 3948 ms
2023-06-27 09:47:50,974 INFO org.hibernate.jpa.internal.util.LogHelper [main] HHH000204: Processing PersistenceUnitInfo [name: default]
2023-06-27 09:47:51,126 INFO org.hibernate.Version [main] HHH000412: Hibernate ORM core version 5.6.11.Final
2023-06-27 09:47:51,607 INFO org.hibernate.annotations.common.reflection.java.JavaReflectionManager [main] HCANN000001: Hibernate Commons Annotations {5.1.2.Final}
2023-06-27 09:47:51,955 INFO com.zaxxer.hikari.HikariDataSource [main] HikariPool-1 - Starting...
2023-06-27 09:47:52,336 INFO com.zaxxer.hikari.HikariDataSource [main] HikariPool-1 - Start completed.
2023-06-27 09:47:52,392 INFO org.hibernate.dialect.Dialect [main] HHH000400: Using dialect: org.hibernate.dialect.MySQL8Dialect
2023-06-27 09:47:54,200 INFO org.hibernate.engine.transaction.jta.platform.internal.JtaPlatformInitiator [main] HHH000490: Using JtaPlatform implementation: [org.hibernate.engine.transaction.jta.platform.internal.NoJtaPlatform]
2023-06-27 09:47:54,219 INFO org.springframework.orm.jpa.AbstractEntityManagerFactoryBean [main] Initialized JPA EntityManagerFactory for persistence unit 'default'
2023-06-27 09:47:56,763 INFO org.springframework.security.web.DefaultSecurityFilterChain [main] Will secure any request with [org.springframework.security.web.session.DisableEncodeUrlFilter@e08d871, org.springframework.security.web.context.request.async.WebAsyncManagerIntegrationFilter@4ebb7bab, org.springframework.security.web.context.SecurityContextPersistenceFilter@24a807a9, org.springframework.security.web.header.HeaderWriterFilter@63af52a6, org.springframework.security.web.authentication.logout.LogoutFilter@623ded82, org.springframework.security.web.authentication.UsernamePasswordAuthenticationFilter@71634e64, org.springframework.security.web.authentication.ui.DefaultLoginPageGeneratingFilter@558575fe, org.springframework.security.web.authentication.ui.DefaultLogoutPageGeneratingFilter@33845e3d, org.springframework.security.web.savedrequest.RequestCacheAwareFilter@736f2fb8, org.springframework.security.web.servletapi.SecurityContextHolderAwareRequestFilter@9715d26, org.springframework.security.web.authentication.AnonymousAuthenticationFilter@7e615c6a, org.springframework.security.web.session.SessionManagementFilter@573f2e67, org.springframework.security.web.access.ExceptionTranslationFilter@5d035ab6, org.springframework.security.web.access.intercept.FilterSecurityInterceptor@68af8288]
2023-06-27 09:47:57,401 INFO org.springframework.boot.autoconfigure.web.servlet.WelcomePageHandlerMapping [main] Adding welcome page template: index
2023-06-27 09:47:59,702 INFO org.apache.juli.logging.DirectJDKLog [main] Starting ProtocolHandler ["http-nio-8080"]
2023-06-27 09:47:59,750 INFO org.springframework.boot.web.embedded.tomcat.TomcatWebServer [main] Tomcat started on port(s): 8080 (http) with context path ''
2023-06-27 09:47:59,771 INFO org.springframework.boot.StartupInfoLogger [main] Started Application in 14.498 seconds (JVM running for 15.402)
2023-06-27 09:48:28,037 INFO org.apache.juli.logging.DirectJDKLog [http-nio-8080-exec-1] Initializing Spring DispatcherServlet 'dispatcherServlet'
2023-06-27 09:48:28,037 INFO org.springframework.web.servlet.FrameworkServlet [http-nio-8080-exec-1] Initializing Servlet 'dispatcherServlet'
2023-06-27 09:48:28,041 INFO org.springframework.web.servlet.FrameworkServlet [http-nio-8080-exec-1] Completed initialization in 3 ms
2023-06-27 09:48:43,328 INFO searchengine.services.impl.SearchServiceImpl [http-nio-8080-exec-5] Searching for "абсолютно" in - http://radiomv.ru
2023-06-27 09:48:43,410 INFO searchengine.services.impl.SearchServiceImpl [http-nio-8080-exec-5] Search done. Got results.
2023-06-27 09:54:14,366 INFO searchengine.services.impl.SearchServiceImpl [http-nio-8080-exec-10] Searching for "абсолютно" in - http://www.playback.ru
2023-06-27 09:54:14,374 INFO searchengine.services.impl.SearchServiceImpl [http-nio-8080-exec-10] Search done. Got results.
2023-06-27 09:54:17,883 INFO searchengine.services.impl.SearchServiceImpl [http-nio-8080-exec-9] Searching for "абсолютно" in - http://www.playback.ru
2023-06-27 09:54:17,891 INFO searchengine.services.impl.SearchServiceImpl [http-nio-8080-exec-9] Search done. Got results.
2023-06-27 09:54:31,360 INFO searchengine.services.impl.SearchServiceImpl [http-nio-8080-exec-6] Searching for "абсолютно" in - http://www.playback.ru
2023-06-27 09:54:31,370 INFO searchengine.services.impl.SearchServiceImpl [http-nio-8080-exec-6] Search done. Got results.
2023-06-27 09:56:51,233 INFO searchengine.services.impl.SearchServiceImpl [http-nio-8080-exec-5] Searching for "абсолютно" in - http://www.playback.ru
2023-06-27 09:56:51,245 INFO searchengine.services.impl.SearchServiceImpl [http-nio-8080-exec-5] Search done. Got results.
2023-06-27 10:01:53,269 INFO org.springframework.orm.jpa.AbstractEntityManagerFactoryBean [SpringApplicationShutdownHook] Closing JPA EntityManagerFactory for persistence unit 'default'
2023-06-27 10:01:53,272 INFO com.zaxxer.hikari.HikariDataSource [SpringApplicationShutdownHook] HikariPool-1 - Shutdown initiated...
2023-06-27 10:01:53,287 INFO com.zaxxer.hikari.HikariDataSource [SpringApplicationShutdownHook] HikariPool-1 - Shutdown completed.
