2023-06-20 03:49:44,149 WARN com.zaxxer.hikari.pool.HikariPool$HouseKeeper [HikariPool-1 housekeeper] HikariPool-1 - Thread starvation or clock leap detected (housekeeper delta=6h4m44s751ms189µs200ns).
2023-06-20 17:53:00,505 INFO org.springframework.boot.StartupInfoLogger [main] Starting Application using Java 17.0.6 on DESKTOP-ERQUIGG with PID 5468 (C:\Users\79181\Desktop\skillbox\дип\SearchEngine-master\SearchEngine-master\target\classes started by 79181 in C:\Users\79181\Desktop\skillbox\дип\SearchEngine-master\SearchEngine-master)
2023-06-20 17:53:00,524 INFO org.springframework.boot.SpringApplication [main] No active profile set, falling back to 1 default profile: "default"
2023-06-20 17:53:05,406 INFO org.springframework.data.repository.config.RepositoryConfigurationDelegate [main] Bootstrapping Spring Data JPA repositories in DEFAULT mode.
2023-06-20 17:53:05,720 INFO org.springframework.data.repository.config.RepositoryConfigurationDelegate [main] Finished Spring Data repository scanning in 277 ms. Found 4 JPA repository interfaces.
2023-06-20 17:53:08,359 INFO org.springframework.boot.web.embedded.tomcat.TomcatWebServer [main] Tomcat initialized with port(s): 8080 (http)
2023-06-20 17:53:08,400 INFO org.apache.juli.logging.DirectJDKLog [main] Initializing ProtocolHandler ["http-nio-8080"]
2023-06-20 17:53:08,407 INFO org.apache.juli.logging.DirectJDKLog [main] Starting service [Tomcat]
2023-06-20 17:53:08,410 INFO org.apache.juli.logging.DirectJDKLog [main] Starting Servlet engine: [Apache Tomcat/9.0.65]
2023-06-20 17:53:09,150 INFO org.apache.juli.logging.DirectJDKLog [main] Initializing Spring embedded WebApplicationContext
2023-06-20 17:53:09,155 INFO org.springframework.boot.web.servlet.context.ServletWebServerApplicationContext [main] Root WebApplicationContext: initialization completed in 8097 ms
2023-06-20 17:53:10,522 INFO org.hibernate.jpa.internal.util.LogHelper [main] HHH000204: Processing PersistenceUnitInfo [name: default]
2023-06-20 17:53:10,789 INFO org.hibernate.Version [main] HHH000412: Hibernate ORM core version 5.6.11.Final
2023-06-20 17:53:11,607 INFO org.hibernate.annotations.common.reflection.java.JavaReflectionManager [main] HCANN000001: Hibernate Commons Annotations {5.1.2.Final}
2023-06-20 17:53:12,050 INFO com.zaxxer.hikari.HikariDataSource [main] HikariPool-1 - Starting...
2023-06-20 17:53:12,844 INFO com.zaxxer.hikari.HikariDataSource [main] HikariPool-1 - Start completed.
2023-06-20 17:53:12,919 INFO org.hibernate.dialect.Dialect [main] HHH000400: Using dialect: org.hibernate.dialect.MySQL8Dialect
2023-06-20 17:53:16,740 INFO org.hibernate.engine.transaction.jta.platform.internal.JtaPlatformInitiator [main] HHH000490: Using JtaPlatform implementation: [org.hibernate.engine.transaction.jta.platform.internal.NoJtaPlatform]
2023-06-20 17:53:16,767 INFO org.springframework.orm.jpa.AbstractEntityManagerFactoryBean [main] Initialized JPA EntityManagerFactory for persistence unit 'default'
2023-06-20 17:53:23,026 INFO org.springframework.security.web.DefaultSecurityFilterChain [main] Will secure any request with [org.springframework.security.web.session.DisableEncodeUrlFilter@bc88295, org.springframework.security.web.context.request.async.WebAsyncManagerIntegrationFilter@341df373, org.springframework.security.web.context.SecurityContextPersistenceFilter@a84b6de, org.springframework.security.web.header.HeaderWriterFilter@4880a9d, org.springframework.security.web.authentication.logout.LogoutFilter@15fd3088, org.springframework.security.web.authentication.UsernamePasswordAuthenticationFilter@e2498a3, org.springframework.security.web.authentication.ui.DefaultLoginPageGeneratingFilter@75507e68, org.springframework.security.web.authentication.ui.DefaultLogoutPageGeneratingFilter@7e9ed4df, org.springframework.security.web.savedrequest.RequestCacheAwareFilter@2119b989, org.springframework.security.web.servletapi.SecurityContextHolderAwareRequestFilter@73905dff, org.springframework.security.web.authentication.AnonymousAuthenticationFilter@453e1bba, org.springframework.security.web.session.SessionManagementFilter@151d216e, org.springframework.security.web.access.ExceptionTranslationFilter@23cfdfa2, org.springframework.security.web.access.intercept.FilterSecurityInterceptor@514f2020]
2023-06-20 17:53:24,239 INFO org.springframework.boot.autoconfigure.web.servlet.WelcomePageHandlerMapping [main] Adding welcome page template: index
2023-06-20 17:53:29,298 INFO org.apache.juli.logging.DirectJDKLog [main] Starting ProtocolHandler ["http-nio-8080"]
2023-06-20 17:53:29,411 INFO org.springframework.boot.web.embedded.tomcat.TomcatWebServer [main] Tomcat started on port(s): 8080 (http) with context path ''
2023-06-20 17:53:29,532 INFO org.springframework.boot.StartupInfoLogger [main] Started Application in 32.221 seconds (JVM running for 34.89)
2023-06-20 17:56:01,736 INFO org.apache.juli.logging.DirectJDKLog [http-nio-8080-exec-1] Initializing Spring DispatcherServlet 'dispatcherServlet'
2023-06-20 17:56:01,761 INFO org.springframework.web.servlet.FrameworkServlet [http-nio-8080-exec-1] Initializing Servlet 'dispatcherServlet'
2023-06-20 17:56:01,787 INFO org.springframework.web.servlet.FrameworkServlet [http-nio-8080-exec-1] Completed initialization in 6 ms
2023-06-20 17:56:02,167 WARN org.apache.juli.logging.DirectJDKLog [http-nio-8080-exec-1] Creation of SecureRandom instance for session ID generation using [SHA1PRNG] took [150] milliseconds.
2023-06-20 17:56:34,444 INFO searchengine.controllers.ApiController [http-nio-8080-exec-4] Required page out of configuration file
2023-06-20 17:57:13,965 INFO searchengine.controllers.ApiController [http-nio-8080-exec-10] Required page out of configuration file
2023-06-20 17:57:30,841 WARN org.springframework.web.servlet.handler.AbstractHandlerExceptionResolver [http-nio-8080-exec-9] Resolved [org.springframework.web.HttpRequestMethodNotSupportedException: Request method 'GET' not supported]
2023-06-20 18:10:32,846 INFO org.springframework.orm.jpa.AbstractEntityManagerFactoryBean [SpringApplicationShutdownHook] Closing JPA EntityManagerFactory for persistence unit 'default'
2023-06-20 18:10:32,851 INFO com.zaxxer.hikari.HikariDataSource [SpringApplicationShutdownHook] HikariPool-1 - Shutdown initiated...
2023-06-20 18:10:32,881 INFO com.zaxxer.hikari.HikariDataSource [SpringApplicationShutdownHook] HikariPool-1 - Shutdown completed.
2023-06-20 18:10:49,185 INFO org.springframework.boot.StartupInfoLogger [main] Starting Application using Java 17.0.6 on DESKTOP-ERQUIGG with PID 4980 (C:\Users\79181\Desktop\skillbox\дип\SearchEngine-master\SearchEngine-master\target\classes started by 79181 in C:\Users\79181\Desktop\skillbox\дип\SearchEngine-master\SearchEngine-master)
2023-06-20 18:10:49,208 INFO org.springframework.boot.SpringApplication [main] No active profile set, falling back to 1 default profile: "default"
2023-06-20 18:10:54,823 INFO org.springframework.data.repository.config.RepositoryConfigurationDelegate [main] Bootstrapping Spring Data JPA repositories in DEFAULT mode.
2023-06-20 18:10:55,257 INFO org.springframework.data.repository.config.RepositoryConfigurationDelegate [main] Finished Spring Data repository scanning in 391 ms. Found 4 JPA repository interfaces.
2023-06-20 18:10:58,012 INFO org.springframework.boot.web.embedded.tomcat.TomcatWebServer [main] Tomcat initialized with port(s): 8080 (http)
2023-06-20 18:10:58,050 INFO org.apache.juli.logging.DirectJDKLog [main] Initializing ProtocolHandler ["http-nio-8080"]
2023-06-20 18:10:58,054 INFO org.apache.juli.logging.DirectJDKLog [main] Starting service [Tomcat]
2023-06-20 18:10:58,055 INFO org.apache.juli.logging.DirectJDKLog [main] Starting Servlet engine: [Apache Tomcat/9.0.65]
2023-06-20 18:10:58,999 INFO org.apache.juli.logging.DirectJDKLog [main] Initializing Spring embedded WebApplicationContext
2023-06-20 18:10:59,000 INFO org.springframework.boot.web.servlet.context.ServletWebServerApplicationContext [main] Root WebApplicationContext: initialization completed in 9508 ms
2023-06-20 18:11:00,041 INFO org.hibernate.jpa.internal.util.LogHelper [main] HHH000204: Processing PersistenceUnitInfo [name: default]
2023-06-20 18:11:00,382 INFO org.hibernate.Version [main] HHH000412: Hibernate ORM core version 5.6.11.Final
2023-06-20 18:11:01,234 INFO org.hibernate.annotations.common.reflection.java.JavaReflectionManager [main] HCANN000001: Hibernate Commons Annotations {5.1.2.Final}
2023-06-20 18:11:01,920 INFO com.zaxxer.hikari.HikariDataSource [main] HikariPool-1 - Starting...
2023-06-20 18:11:02,387 INFO com.zaxxer.hikari.HikariDataSource [main] HikariPool-1 - Start completed.
2023-06-20 18:11:02,436 INFO org.hibernate.dialect.Dialect [main] HHH000400: Using dialect: org.hibernate.dialect.MySQL8Dialect
2023-06-20 18:11:05,400 INFO org.hibernate.engine.transaction.jta.platform.internal.JtaPlatformInitiator [main] HHH000490: Using JtaPlatform implementation: [org.hibernate.engine.transaction.jta.platform.internal.NoJtaPlatform]
2023-06-20 18:11:05,425 INFO org.springframework.orm.jpa.AbstractEntityManagerFactoryBean [main] Initialized JPA EntityManagerFactory for persistence unit 'default'
2023-06-20 18:11:09,789 INFO org.springframework.security.web.DefaultSecurityFilterChain [main] Will secure any request with [org.springframework.security.web.session.DisableEncodeUrlFilter@2059c3ff, org.springframework.security.web.context.request.async.WebAsyncManagerIntegrationFilter@2f8ab988, org.springframework.security.web.context.SecurityContextPersistenceFilter@46051269, org.springframework.security.web.header.HeaderWriterFilter@20462820, org.springframework.security.web.authentication.logout.LogoutFilter@152d2a58, org.springframework.security.web.authentication.UsernamePasswordAuthenticationFilter@53f94afe, org.springframework.security.web.authentication.ui.DefaultLoginPageGeneratingFilter@4edd8a0a, org.springframework.security.web.authentication.ui.DefaultLogoutPageGeneratingFilter@46c475ba, org.springframework.security.web.savedrequest.RequestCacheAwareFilter@5b5a89d1, org.springframework.security.web.servletapi.SecurityContextHolderAwareRequestFilter@267b678f, org.springframework.security.web.authentication.AnonymousAuthenticationFilter@e47637c, org.springframework.security.web.session.SessionManagementFilter@384f0e32, org.springframework.security.web.access.ExceptionTranslationFilter@468646ea, org.springframework.security.web.access.intercept.FilterSecurityInterceptor@52463255]
2023-06-20 18:11:11,175 INFO org.springframework.boot.autoconfigure.web.servlet.WelcomePageHandlerMapping [main] Adding welcome page template: index
2023-06-20 18:11:17,176 INFO org.apache.juli.logging.DirectJDKLog [main] Starting ProtocolHandler ["http-nio-8080"]
2023-06-20 18:11:17,242 INFO org.springframework.boot.web.embedded.tomcat.TomcatWebServer [main] Tomcat started on port(s): 8080 (http) with context path ''
2023-06-20 18:11:17,306 INFO org.springframework.boot.StartupInfoLogger [main] Started Application in 30.32 seconds (JVM running for 31.894)
2023-06-20 18:12:52,566 INFO org.apache.juli.logging.DirectJDKLog [http-nio-8080-exec-1] Initializing Spring DispatcherServlet 'dispatcherServlet'
2023-06-20 18:12:52,580 INFO org.springframework.web.servlet.FrameworkServlet [http-nio-8080-exec-1] Initializing Servlet 'dispatcherServlet'
2023-06-20 18:12:52,605 INFO org.springframework.web.servlet.FrameworkServlet [http-nio-8080-exec-1] Completed initialization in 24 ms
2023-06-20 18:12:52,972 WARN org.apache.juli.logging.DirectJDKLog [http-nio-8080-exec-1] Creation of SecureRandom instance for session ID generation using [SHA1PRNG] took [235] milliseconds.
2023-06-20 18:12:55,866 WARN org.springframework.web.servlet.handler.AbstractHandlerExceptionResolver [http-nio-8080-exec-4] Resolved [org.springframework.web.HttpRequestMethodNotSupportedException: Request method 'GET' not supported]
2023-06-20 18:15:40,583 INFO searchengine.controllers.ApiController [http-nio-8080-exec-5] Required page out of configuration file
2023-06-20 20:24:03,118 WARN com.zaxxer.hikari.pool.HikariPool$HouseKeeper [HikariPool-1 housekeeper] HikariPool-1 - Thread starvation or clock leap detected (housekeeper delta=1h19m59s166ms635µs800ns).
2023-06-20 21:41:45,820 WARN com.zaxxer.hikari.pool.HikariPool$HouseKeeper [HikariPool-1 housekeeper] HikariPool-1 - Thread starvation or clock leap detected (housekeeper delta=1h4m12s538ms406µs300ns).
2023-06-20 21:57:11,926 INFO org.springframework.orm.jpa.AbstractEntityManagerFactoryBean [SpringApplicationShutdownHook] Closing JPA EntityManagerFactory for persistence unit 'default'
2023-06-20 21:57:11,930 INFO com.zaxxer.hikari.HikariDataSource [SpringApplicationShutdownHook] HikariPool-1 - Shutdown initiated...
2023-06-20 21:57:11,938 INFO com.zaxxer.hikari.HikariDataSource [SpringApplicationShutdownHook] HikariPool-1 - Shutdown completed.
2023-06-20 21:57:20,703 INFO org.springframework.boot.StartupInfoLogger [main] Starting Application using Java 17.0.6 on DESKTOP-ERQUIGG with PID 4648 (C:\Users\79181\Desktop\skillbox\дип\SearchEngine-master\SearchEngine-master\target\classes started by 79181 in C:\Users\79181\Desktop\skillbox\дип\SearchEngine-master\SearchEngine-master)
2023-06-20 21:57:20,720 INFO org.springframework.boot.SpringApplication [main] No active profile set, falling back to 1 default profile: "default"
2023-06-20 21:57:22,746 INFO org.springframework.data.repository.config.RepositoryConfigurationDelegate [main] Bootstrapping Spring Data JPA repositories in DEFAULT mode.
2023-06-20 21:57:23,005 INFO org.springframework.data.repository.config.RepositoryConfigurationDelegate [main] Finished Spring Data repository scanning in 212 ms. Found 4 JPA repository interfaces.
2023-06-20 21:57:24,565 INFO org.springframework.boot.web.embedded.tomcat.TomcatWebServer [main] Tomcat initialized with port(s): 8080 (http)
2023-06-20 21:57:24,587 INFO org.apache.juli.logging.DirectJDKLog [main] Initializing ProtocolHandler ["http-nio-8080"]
2023-06-20 21:57:24,589 INFO org.apache.juli.logging.DirectJDKLog [main] Starting service [Tomcat]
2023-06-20 21:57:24,590 INFO org.apache.juli.logging.DirectJDKLog [main] Starting Servlet engine: [Apache Tomcat/9.0.65]
2023-06-20 21:57:24,935 INFO org.apache.juli.logging.DirectJDKLog [main] Initializing Spring embedded WebApplicationContext
2023-06-20 21:57:24,936 INFO org.springframework.boot.web.servlet.context.ServletWebServerApplicationContext [main] Root WebApplicationContext: initialization completed in 4112 ms
2023-06-20 21:57:25,514 INFO org.hibernate.jpa.internal.util.LogHelper [main] HHH000204: Processing PersistenceUnitInfo [name: default]
2023-06-20 21:57:25,639 INFO org.hibernate.Version [main] HHH000412: Hibernate ORM core version 5.6.11.Final
2023-06-20 21:57:26,112 INFO org.hibernate.annotations.common.reflection.java.JavaReflectionManager [main] HCANN000001: Hibernate Commons Annotations {5.1.2.Final}
2023-06-20 21:57:26,419 INFO com.zaxxer.hikari.HikariDataSource [main] HikariPool-1 - Starting...
2023-06-20 21:57:26,748 INFO com.zaxxer.hikari.HikariDataSource [main] HikariPool-1 - Start completed.
2023-06-20 21:57:26,785 INFO org.hibernate.dialect.Dialect [main] HHH000400: Using dialect: org.hibernate.dialect.MySQL8Dialect
2023-06-20 21:57:28,575 INFO org.hibernate.engine.transaction.jta.platform.internal.JtaPlatformInitiator [main] HHH000490: Using JtaPlatform implementation: [org.hibernate.engine.transaction.jta.platform.internal.NoJtaPlatform]
2023-06-20 21:57:28,594 INFO org.springframework.orm.jpa.AbstractEntityManagerFactoryBean [main] Initialized JPA EntityManagerFactory for persistence unit 'default'
2023-06-20 21:57:32,118 INFO org.springframework.security.web.DefaultSecurityFilterChain [main] Will secure any request with [org.springframework.security.web.session.DisableEncodeUrlFilter@16024b49, org.springframework.security.web.context.request.async.WebAsyncManagerIntegrationFilter@53f94afe, org.springframework.security.web.context.SecurityContextPersistenceFilter@5b5a89d1, org.springframework.security.web.header.HeaderWriterFilter@384f0e32, org.springframework.security.web.authentication.logout.LogoutFilter@73905dff, org.springframework.security.web.authentication.UsernamePasswordAuthenticationFilter@1885905b, org.springframework.security.web.authentication.ui.DefaultLoginPageGeneratingFilter@630e5010, org.springframework.security.web.authentication.ui.DefaultLogoutPageGeneratingFilter@304e1e4e, org.springframework.security.web.savedrequest.RequestCacheAwareFilter@4803bf73, org.springframework.security.web.servletapi.SecurityContextHolderAwareRequestFilter@13731ff4, org.springframework.security.web.authentication.AnonymousAuthenticationFilter@7d4e424e, org.springframework.security.web.session.SessionManagementFilter@5f14590c, org.springframework.security.web.access.ExceptionTranslationFilter@20462820, org.springframework.security.web.access.intercept.FilterSecurityInterceptor@51097500]
2023-06-20 21:57:33,903 INFO org.springframework.boot.autoconfigure.web.servlet.WelcomePageHandlerMapping [main] Adding welcome page template: index
2023-06-20 21:57:37,155 INFO org.apache.juli.logging.DirectJDKLog [main] Starting ProtocolHandler ["http-nio-8080"]
2023-06-20 21:57:37,206 INFO org.springframework.boot.web.embedded.tomcat.TomcatWebServer [main] Tomcat started on port(s): 8080 (http) with context path ''
2023-06-20 21:57:37,231 INFO org.springframework.boot.StartupInfoLogger [main] Started Application in 17.728 seconds (JVM running for 18.661)
2023-06-20 21:58:00,243 INFO org.apache.juli.logging.DirectJDKLog [http-nio-8080-exec-1] Initializing Spring DispatcherServlet 'dispatcherServlet'
2023-06-20 21:58:00,244 INFO org.springframework.web.servlet.FrameworkServlet [http-nio-8080-exec-1] Initializing Servlet 'dispatcherServlet'
2023-06-20 21:58:00,247 INFO org.springframework.web.servlet.FrameworkServlet [http-nio-8080-exec-1] Completed initialization in 3 ms
2023-06-20 21:58:54,148 INFO searchengine.services.impl.SearchServiceImpl [http-nio-8080-exec-1] Searching for "абсолютно" in - http://radiomv.ru
2023-06-20 21:58:54,211 INFO searchengine.services.impl.SearchServiceImpl [http-nio-8080-exec-1] Search done. Got results.
2023-06-20 21:58:57,235 INFO searchengine.services.impl.SearchServiceImpl [http-nio-8080-exec-3] Searching for "абсолютно" in - http://radiomv.ru
2023-06-20 21:58:57,244 INFO searchengine.services.impl.SearchServiceImpl [http-nio-8080-exec-3] Search done. Got results.
2023-06-20 22:22:25,149 INFO searchengine.services.impl.SearchServiceImpl [http-nio-8080-exec-9] Searching for "абсолютно" in - http://radiomv.ru
2023-06-20 22:22:25,159 INFO searchengine.services.impl.SearchServiceImpl [http-nio-8080-exec-9] Search done. Got results.
2023-06-20 22:22:42,119 INFO searchengine.services.impl.SearchServiceImpl [http-nio-8080-exec-8] Searching for "абсолютно" in - http://www.playback.ru
2023-06-20 22:22:42,134 INFO searchengine.services.impl.SearchServiceImpl [http-nio-8080-exec-8] Search done. Got results.
2023-06-20 22:28:59,377 INFO searchengine.controllers.ApiController [http-nio-8080-exec-6] Required page out of configuration file
2023-06-20 22:32:02,717 INFO org.springframework.orm.jpa.AbstractEntityManagerFactoryBean [SpringApplicationShutdownHook] Closing JPA EntityManagerFactory for persistence unit 'default'
2023-06-20 22:32:02,724 INFO com.zaxxer.hikari.HikariDataSource [SpringApplicationShutdownHook] HikariPool-1 - Shutdown initiated...
2023-06-20 22:32:02,742 INFO com.zaxxer.hikari.HikariDataSource [SpringApplicationShutdownHook] HikariPool-1 - Shutdown completed.
2023-06-20 22:35:23,557 INFO org.springframework.boot.StartupInfoLogger [main] Starting Application using Java 17.0.6 on DESKTOP-ERQUIGG with PID 9844 (C:\Users\79181\Desktop\skillbox\дип\SearchEngine-master\SearchEngine-master\target\classes started by 79181 in C:\Users\79181\Desktop\skillbox\дип\SearchEngine-master\SearchEngine-master)
2023-06-20 22:35:23,565 INFO org.springframework.boot.SpringApplication [main] No active profile set, falling back to 1 default profile: "default"
2023-06-20 22:35:25,742 INFO org.springframework.data.repository.config.RepositoryConfigurationDelegate [main] Bootstrapping Spring Data JPA repositories in DEFAULT mode.
2023-06-20 22:35:25,972 INFO org.springframework.data.repository.config.RepositoryConfigurationDelegate [main] Finished Spring Data repository scanning in 188 ms. Found 4 JPA repository interfaces.
2023-06-20 22:35:27,876 INFO org.springframework.boot.web.embedded.tomcat.TomcatWebServer [main] Tomcat initialized with port(s): 8080 (http)
2023-06-20 22:35:27,900 INFO org.apache.juli.logging.DirectJDKLog [main] Initializing ProtocolHandler ["http-nio-8080"]
2023-06-20 22:35:27,902 INFO org.apache.juli.logging.DirectJDKLog [main] Starting service [Tomcat]
2023-06-20 22:35:27,902 INFO org.apache.juli.logging.DirectJDKLog [main] Starting Servlet engine: [Apache Tomcat/9.0.65]
2023-06-20 22:35:28,186 INFO org.apache.juli.logging.DirectJDKLog [main] Initializing Spring embedded WebApplicationContext
2023-06-20 22:35:28,187 INFO org.springframework.boot.web.servlet.context.ServletWebServerApplicationContext [main] Root WebApplicationContext: initialization completed in 4481 ms
2023-06-20 22:35:28,703 INFO org.hibernate.jpa.internal.util.LogHelper [main] HHH000204: Processing PersistenceUnitInfo [name: default]
2023-06-20 22:35:28,848 INFO org.hibernate.Version [main] HHH000412: Hibernate ORM core version 5.6.11.Final
2023-06-20 22:35:29,333 INFO org.hibernate.annotations.common.reflection.java.JavaReflectionManager [main] HCANN000001: Hibernate Commons Annotations {5.1.2.Final}
2023-06-20 22:35:29,626 INFO com.zaxxer.hikari.HikariDataSource [main] HikariPool-1 - Starting...
2023-06-20 22:35:29,958 INFO com.zaxxer.hikari.HikariDataSource [main] HikariPool-1 - Start completed.
2023-06-20 22:35:30,004 INFO org.hibernate.dialect.Dialect [main] HHH000400: Using dialect: org.hibernate.dialect.MySQL8Dialect
2023-06-20 22:35:31,891 INFO org.hibernate.engine.transaction.jta.platform.internal.JtaPlatformInitiator [main] HHH000490: Using JtaPlatform implementation: [org.hibernate.engine.transaction.jta.platform.internal.NoJtaPlatform]
2023-06-20 22:35:31,911 INFO org.springframework.orm.jpa.AbstractEntityManagerFactoryBean [main] Initialized JPA EntityManagerFactory for persistence unit 'default'
2023-06-20 22:35:34,496 INFO org.springframework.security.web.DefaultSecurityFilterChain [main] Will secure any request with [org.springframework.security.web.session.DisableEncodeUrlFilter@1107c465, org.springframework.security.web.context.request.async.WebAsyncManagerIntegrationFilter@64df8422, org.springframework.security.web.context.SecurityContextPersistenceFilter@31de8099, org.springframework.security.web.header.HeaderWriterFilter@76eee0b1, org.springframework.security.web.authentication.logout.LogoutFilter@1bcf2c64, org.springframework.security.web.authentication.UsernamePasswordAuthenticationFilter@589d831e, org.springframework.security.web.authentication.ui.DefaultLoginPageGeneratingFilter@5d373794, org.springframework.security.web.authentication.ui.DefaultLogoutPageGeneratingFilter@2b30b627, org.springframework.security.web.savedrequest.RequestCacheAwareFilter@75507e68, org.springframework.security.web.servletapi.SecurityContextHolderAwareRequestFilter@152d2a58, org.springframework.security.web.authentication.AnonymousAuthenticationFilter@5fa9971f, org.springframework.security.web.session.SessionManagementFilter@73905dff, org.springframework.security.web.access.ExceptionTranslationFilter@5400db7e, org.springframework.security.web.access.intercept.FilterSecurityInterceptor@59c00722]
2023-06-20 22:35:35,118 INFO org.springframework.boot.autoconfigure.web.servlet.WelcomePageHandlerMapping [main] Adding welcome page template: index
2023-06-20 22:35:37,474 INFO org.apache.juli.logging.DirectJDKLog [main] Starting ProtocolHandler ["http-nio-8080"]
2023-06-20 22:35:37,521 INFO org.springframework.boot.web.embedded.tomcat.TomcatWebServer [main] Tomcat started on port(s): 8080 (http) with context path ''
2023-06-20 22:35:37,542 INFO org.springframework.boot.StartupInfoLogger [main] Started Application in 15.205 seconds (JVM running for 16.156)
2023-06-20 22:55:40,006 INFO org.springframework.orm.jpa.AbstractEntityManagerFactoryBean [SpringApplicationShutdownHook] Closing JPA EntityManagerFactory for persistence unit 'default'
2023-06-20 22:55:40,015 INFO com.zaxxer.hikari.HikariDataSource [SpringApplicationShutdownHook] HikariPool-1 - Shutdown initiated...
2023-06-20 22:55:40,051 INFO com.zaxxer.hikari.HikariDataSource [SpringApplicationShutdownHook] HikariPool-1 - Shutdown completed.
2023-06-20 23:03:29,685 INFO org.springframework.boot.StartupInfoLogger [main] Starting Application using Java 17.0.6 on DESKTOP-ERQUIGG with PID 1540 (C:\Users\79181\Desktop\skillbox\дип\SearchEngine-master\SearchEngine-master\target\classes started by 79181 in C:\Users\79181\Desktop\skillbox\дип\SearchEngine-master\SearchEngine-master)
2023-06-20 23:03:29,692 INFO org.springframework.boot.SpringApplication [main] No active profile set, falling back to 1 default profile: "default"
2023-06-20 23:03:31,899 INFO org.springframework.data.repository.config.RepositoryConfigurationDelegate [main] Bootstrapping Spring Data JPA repositories in DEFAULT mode.
2023-06-20 23:03:32,119 INFO org.springframework.data.repository.config.RepositoryConfigurationDelegate [main] Finished Spring Data repository scanning in 200 ms. Found 4 JPA repository interfaces.
2023-06-20 23:03:33,630 INFO org.springframework.boot.web.embedded.tomcat.TomcatWebServer [main] Tomcat initialized with port(s): 8080 (http)
2023-06-20 23:03:33,654 INFO org.apache.juli.logging.DirectJDKLog [main] Initializing ProtocolHandler ["http-nio-8080"]
2023-06-20 23:03:33,656 INFO org.apache.juli.logging.DirectJDKLog [main] Starting service [Tomcat]
2023-06-20 23:03:33,657 INFO org.apache.juli.logging.DirectJDKLog [main] Starting Servlet engine: [Apache Tomcat/9.0.65]
2023-06-20 23:03:33,940 INFO org.apache.juli.logging.DirectJDKLog [main] Initializing Spring embedded WebApplicationContext
2023-06-20 23:03:33,941 INFO org.springframework.boot.web.servlet.context.ServletWebServerApplicationContext [main] Root WebApplicationContext: initialization completed in 4071 ms
2023-06-20 23:03:34,607 INFO org.hibernate.jpa.internal.util.LogHelper [main] HHH000204: Processing PersistenceUnitInfo [name: default]
2023-06-20 23:03:34,736 INFO org.hibernate.Version [main] HHH000412: Hibernate ORM core version 5.6.11.Final
2023-06-20 23:03:35,161 INFO org.hibernate.annotations.common.reflection.java.JavaReflectionManager [main] HCANN000001: Hibernate Commons Annotations {5.1.2.Final}
2023-06-20 23:03:35,475 INFO com.zaxxer.hikari.HikariDataSource [main] HikariPool-1 - Starting...
2023-06-20 23:03:35,850 INFO com.zaxxer.hikari.HikariDataSource [main] HikariPool-1 - Start completed.
2023-06-20 23:03:35,891 INFO org.hibernate.dialect.Dialect [main] HHH000400: Using dialect: org.hibernate.dialect.MySQL8Dialect
2023-06-20 23:03:37,649 INFO org.hibernate.engine.transaction.jta.platform.internal.JtaPlatformInitiator [main] HHH000490: Using JtaPlatform implementation: [org.hibernate.engine.transaction.jta.platform.internal.NoJtaPlatform]
2023-06-20 23:03:37,668 INFO org.springframework.orm.jpa.AbstractEntityManagerFactoryBean [main] Initialized JPA EntityManagerFactory for persistence unit 'default'
2023-06-20 23:03:40,020 INFO org.springframework.security.web.DefaultSecurityFilterChain [main] Will secure any request with [org.springframework.security.web.session.DisableEncodeUrlFilter@37b1218, org.springframework.security.web.context.request.async.WebAsyncManagerIntegrationFilter@575cfec1, org.springframework.security.web.context.SecurityContextPersistenceFilter@7ea8224b, org.springframework.security.web.header.HeaderWriterFilter@4e1104f4, org.springframework.security.web.authentication.logout.LogoutFilter@347f8029, org.springframework.security.web.authentication.UsernamePasswordAuthenticationFilter@3bf41cd0, org.springframework.security.web.authentication.ui.DefaultLoginPageGeneratingFilter@69fe8c75, org.springframework.security.web.authentication.ui.DefaultLogoutPageGeneratingFilter@32068aef, org.springframework.security.web.savedrequest.RequestCacheAwareFilter@623ded82, org.springframework.security.web.servletapi.SecurityContextHolderAwareRequestFilter@180e33b0, org.springframework.security.web.authentication.AnonymousAuthenticationFilter@8ab231, org.springframework.security.web.session.SessionManagementFilter@5eff5e4c, org.springframework.security.web.access.ExceptionTranslationFilter@2a9e7b4d, org.springframework.security.web.access.intercept.FilterSecurityInterceptor@912a644]
2023-06-20 23:03:40,624 INFO org.springframework.boot.autoconfigure.web.servlet.WelcomePageHandlerMapping [main] Adding welcome page template: index
2023-06-20 23:03:43,060 INFO org.apache.juli.logging.DirectJDKLog [main] Starting ProtocolHandler ["http-nio-8080"]
2023-06-20 23:03:43,117 INFO org.springframework.boot.web.embedded.tomcat.TomcatWebServer [main] Tomcat started on port(s): 8080 (http) with context path ''
2023-06-20 23:03:43,139 INFO org.springframework.boot.StartupInfoLogger [main] Started Application in 14.601 seconds (JVM running for 15.505)
2023-06-20 23:03:59,293 INFO org.apache.juli.logging.DirectJDKLog [http-nio-8080-exec-1] Initializing Spring DispatcherServlet 'dispatcherServlet'
2023-06-20 23:03:59,295 INFO org.springframework.web.servlet.FrameworkServlet [http-nio-8080-exec-1] Initializing Servlet 'dispatcherServlet'
2023-06-20 23:03:59,297 INFO org.springframework.web.servlet.FrameworkServlet [http-nio-8080-exec-1] Completed initialization in 2 ms
2023-06-20 23:04:19,324 INFO searchengine.services.impl.SearchServiceImpl [http-nio-8080-exec-10] Getting results of the search "абсолютно"
2023-06-20 23:04:20,177 ERROR org.apache.juli.logging.DirectJDKLog [http-nio-8080-exec-10] Servlet.service() for servlet [dispatcherServlet] in context with path [] threw exception [Request processing failed; nested exception is java.lang.RuntimeException: java.lang.Exception] with root cause
java.lang.Exception: null
	at searchengine.services.impl.SearchServiceImpl.allSiteSearch(SearchServiceImpl.java:55)
	at searchengine.controllers.ApiController.search(ApiController.java:87)
	at java.base/jdk.internal.reflect.NativeMethodAccessorImpl.invoke0(Native Method)
	at java.base/jdk.internal.reflect.NativeMethodAccessorImpl.invoke(NativeMethodAccessorImpl.java:77)
	at java.base/jdk.internal.reflect.DelegatingMethodAccessorImpl.invoke(DelegatingMethodAccessorImpl.java:43)
	at java.base/java.lang.reflect.Method.invoke(Method.java:568)
	at org.springframework.web.method.support.InvocableHandlerMethod.doInvoke(InvocableHandlerMethod.java:205)
	at org.springframework.web.method.support.InvocableHandlerMethod.invokeForRequest(InvocableHandlerMethod.java:150)
	at org.springframework.web.servlet.mvc.method.annotation.ServletInvocableHandlerMethod.invokeAndHandle(ServletInvocableHandlerMethod.java:117)
	at org.springframework.web.servlet.mvc.method.annotation.RequestMappingHandlerAdapter.invokeHandlerMethod(RequestMappingHandlerAdapter.java:895)
	at org.springframework.web.servlet.mvc.method.annotation.RequestMappingHandlerAdapter.handleInternal(RequestMappingHandlerAdapter.java:808)
	at org.springframework.web.servlet.mvc.method.AbstractHandlerMethodAdapter.handle(AbstractHandlerMethodAdapter.java:87)
	at org.springframework.web.servlet.DispatcherServlet.doDispatch(DispatcherServlet.java:1071)
	at org.springframework.web.servlet.DispatcherServlet.doService(DispatcherServlet.java:964)
	at org.springframework.web.servlet.FrameworkServlet.processRequest(FrameworkServlet.java:1006)
	at org.springframework.web.servlet.FrameworkServlet.doGet(FrameworkServlet.java:898)
	at javax.servlet.http.HttpServlet.service(HttpServlet.java:655)
	at org.springframework.web.servlet.FrameworkServlet.service(FrameworkServlet.java:883)
	at javax.servlet.http.HttpServlet.service(HttpServlet.java:764)
	at org.apache.catalina.core.ApplicationFilterChain.internalDoFilter(ApplicationFilterChain.java:227)
	at org.apache.catalina.core.ApplicationFilterChain.doFilter(ApplicationFilterChain.java:162)
	at org.apache.tomcat.websocket.server.WsFilter.doFilter(WsFilter.java:53)
	at org.apache.catalina.core.ApplicationFilterChain.internalDoFilter(ApplicationFilterChain.java:189)
	at org.apache.catalina.core.ApplicationFilterChain.doFilter(ApplicationFilterChain.java:162)
	at org.springframework.web.servlet.resource.ResourceUrlEncodingFilter.doFilter(ResourceUrlEncodingFilter.java:67)
	at org.apache.catalina.core.ApplicationFilterChain.internalDoFilter(ApplicationFilterChain.java:189)
	at org.apache.catalina.core.ApplicationFilterChain.doFilter(ApplicationFilterChain.java:162)
	at org.springframework.security.web.FilterChainProxy$VirtualFilterChain.doFilter(FilterChainProxy.java:337)
	at org.springframework.security.web.access.intercept.FilterSecurityInterceptor.invoke(FilterSecurityInterceptor.java:115)
	at org.springframework.security.web.access.intercept.FilterSecurityInterceptor.doFilter(FilterSecurityInterceptor.java:81)
	at org.springframework.security.web.FilterChainProxy$VirtualFilterChain.doFilter(FilterChainProxy.java:346)
	at org.springframework.security.web.access.ExceptionTranslationFilter.doFilter(ExceptionTranslationFilter.java:122)
	at org.springframework.security.web.access.ExceptionTranslationFilter.doFilter(ExceptionTranslationFilter.java:116)
	at org.springframework.security.web.FilterChainProxy$VirtualFilterChain.doFilter(FilterChainProxy.java:346)
	at org.springframework.security.web.session.SessionManagementFilter.doFilter(SessionManagementFilter.java:126)
	at org.springframework.security.web.session.SessionManagementFilter.doFilter(SessionManagementFilter.java:81)
	at org.springframework.security.web.FilterChainProxy$VirtualFilterChain.doFilter(FilterChainProxy.java:346)
	at org.springframework.security.web.authentication.AnonymousAuthenticationFilter.doFilter(AnonymousAuthenticationFilter.java:109)
	at org.springframework.security.web.FilterChainProxy$VirtualFilterChain.doFilter(FilterChainProxy.java:346)
	at org.springframework.security.web.servletapi.SecurityContextHolderAwareRequestFilter.doFilter(SecurityContextHolderAwareRequestFilter.java:149)
	at org.springframework.security.web.FilterChainProxy$VirtualFilterChain.doFilter(FilterChainProxy.java:346)
	at org.springframework.security.web.savedrequest.RequestCacheAwareFilter.doFilter(RequestCacheAwareFilter.java:63)
	at org.springframework.security.web.FilterChainProxy$VirtualFilterChain.doFilter(FilterChainProxy.java:346)
	at org.springframework.security.web.authentication.ui.DefaultLogoutPageGeneratingFilter.doFilterInternal(DefaultLogoutPageGeneratingFilter.java:58)
	at org.springframework.web.filter.OncePerRequestFilter.doFilter(OncePerRequestFilter.java:117)
	at org.springframework.security.web.FilterChainProxy$VirtualFilterChain.doFilter(FilterChainProxy.java:346)
	at org.springframework.security.web.authentication.ui.DefaultLoginPageGeneratingFilter.doFilter(DefaultLoginPageGeneratingFilter.java:237)
	at org.springframework.security.web.authentication.ui.DefaultLoginPageGeneratingFilter.doFilter(DefaultLoginPageGeneratingFilter.java:223)
	at org.springframework.security.web.FilterChainProxy$VirtualFilterChain.doFilter(FilterChainProxy.java:346)
	at org.springframework.security.web.authentication.AbstractAuthenticationProcessingFilter.doFilter(AbstractAuthenticationProcessingFilter.java:223)
	at org.springframework.security.web.authentication.AbstractAuthenticationProcessingFilter.doFilter(AbstractAuthenticationProcessingFilter.java:217)
	at org.springframework.security.web.FilterChainProxy$VirtualFilterChain.doFilter(FilterChainProxy.java:346)
	at org.springframework.security.web.authentication.logout.LogoutFilter.doFilter(LogoutFilter.java:103)
	at org.springframework.security.web.authentication.logout.LogoutFilter.doFilter(LogoutFilter.java:89)
	at org.springframework.security.web.FilterChainProxy$VirtualFilterChain.doFilter(FilterChainProxy.java:346)
	at org.springframework.security.web.header.HeaderWriterFilter.doHeadersAfter(HeaderWriterFilter.java:90)
	at org.springframework.security.web.header.HeaderWriterFilter.doFilterInternal(HeaderWriterFilter.java:75)
	at org.springframework.web.filter.OncePerRequestFilter.doFilter(OncePerRequestFilter.java:117)
	at org.springframework.security.web.FilterChainProxy$VirtualFilterChain.doFilter(FilterChainProxy.java:346)
	at org.springframework.security.web.context.SecurityContextPersistenceFilter.doFilter(SecurityContextPersistenceFilter.java:112)
	at org.springframework.security.web.context.SecurityContextPersistenceFilter.doFilter(SecurityContextPersistenceFilter.java:82)
	at org.springframework.security.web.FilterChainProxy$VirtualFilterChain.doFilter(FilterChainProxy.java:346)
	at org.springframework.security.web.context.request.async.WebAsyncManagerIntegrationFilter.doFilterInternal(WebAsyncManagerIntegrationFilter.java:55)
	at org.springframework.web.filter.OncePerRequestFilter.doFilter(OncePerRequestFilter.java:117)
	at org.springframework.security.web.FilterChainProxy$VirtualFilterChain.doFilter(FilterChainProxy.java:346)
	at org.springframework.security.web.session.DisableEncodeUrlFilter.doFilterInternal(DisableEncodeUrlFilter.java:42)
	at org.springframework.web.filter.OncePerRequestFilter.doFilter(OncePerRequestFilter.java:117)
	at org.springframework.security.web.FilterChainProxy$VirtualFilterChain.doFilter(FilterChainProxy.java:346)
	at org.springframework.security.web.FilterChainProxy.doFilterInternal(FilterChainProxy.java:221)
	at org.springframework.security.web.FilterChainProxy.doFilter(FilterChainProxy.java:186)
	at org.springframework.web.filter.DelegatingFilterProxy.invokeDelegate(DelegatingFilterProxy.java:354)
	at org.springframework.web.filter.DelegatingFilterProxy.doFilter(DelegatingFilterProxy.java:267)
	at org.apache.catalina.core.ApplicationFilterChain.internalDoFilter(ApplicationFilterChain.java:189)
	at org.apache.catalina.core.ApplicationFilterChain.doFilter(ApplicationFilterChain.java:162)
	at org.springframework.web.filter.RequestContextFilter.doFilterInternal(RequestContextFilter.java:100)
	at org.springframework.web.filter.OncePerRequestFilter.doFilter(OncePerRequestFilter.java:117)
	at org.apache.catalina.core.ApplicationFilterChain.internalDoFilter(ApplicationFilterChain.java:189)
	at org.apache.catalina.core.ApplicationFilterChain.doFilter(ApplicationFilterChain.java:162)
	at org.springframework.web.filter.FormContentFilter.doFilterInternal(FormContentFilter.java:93)
	at org.springframework.web.filter.OncePerRequestFilter.doFilter(OncePerRequestFilter.java:117)
	at org.apache.catalina.core.ApplicationFilterChain.internalDoFilter(ApplicationFilterChain.java:189)
	at org.apache.catalina.core.ApplicationFilterChain.doFilter(ApplicationFilterChain.java:162)
	at org.springframework.web.filter.CharacterEncodingFilter.doFilterInternal(CharacterEncodingFilter.java:201)
	at org.springframework.web.filter.OncePerRequestFilter.doFilter(OncePerRequestFilter.java:117)
	at org.apache.catalina.core.ApplicationFilterChain.internalDoFilter(ApplicationFilterChain.java:189)
	at org.apache.catalina.core.ApplicationFilterChain.doFilter(ApplicationFilterChain.java:162)
	at org.apache.catalina.core.StandardWrapperValve.invoke(StandardWrapperValve.java:197)
	at org.apache.catalina.core.StandardContextValve.invoke(StandardContextValve.java:97)
	at org.apache.catalina.authenticator.AuthenticatorBase.invoke(AuthenticatorBase.java:541)
	at org.apache.catalina.core.StandardHostValve.invoke(StandardHostValve.java:135)
	at org.apache.catalina.valves.ErrorReportValve.invoke(ErrorReportValve.java:92)
	at org.apache.catalina.core.StandardEngineValve.invoke(StandardEngineValve.java:78)
	at org.apache.catalina.connector.CoyoteAdapter.service(CoyoteAdapter.java:360)
	at org.apache.coyote.http11.Http11Processor.service(Http11Processor.java:399)
	at org.apache.coyote.AbstractProcessorLight.process(AbstractProcessorLight.java:65)
	at org.apache.coyote.AbstractProtocol$ConnectionHandler.process(AbstractProtocol.java:890)
	at org.apache.tomcat.util.net.NioEndpoint$SocketProcessor.doRun(NioEndpoint.java:1789)
	at org.apache.tomcat.util.net.SocketProcessorBase.run(SocketProcessorBase.java:49)
	at org.apache.tomcat.util.threads.ThreadPoolExecutor.runWorker(ThreadPoolExecutor.java:1191)
	at org.apache.tomcat.util.threads.ThreadPoolExecutor$Worker.run(ThreadPoolExecutor.java:659)
	at org.apache.tomcat.util.threads.TaskThread$WrappingRunnable.run(TaskThread.java:61)
	at java.base/java.lang.Thread.run(Thread.java:833)
2023-06-20 23:04:31,488 INFO searchengine.services.impl.SearchServiceImpl [http-nio-8080-exec-1] Searching for "абсолютно" in - http://www.playback.ru
2023-06-20 23:04:31,498 INFO searchengine.services.impl.SearchServiceImpl [http-nio-8080-exec-1] Search done. Got results.
2023-06-20 23:59:17,145 INFO org.springframework.orm.jpa.AbstractEntityManagerFactoryBean [SpringApplicationShutdownHook] Closing JPA EntityManagerFactory for persistence unit 'default'
2023-06-20 23:59:17,148 INFO com.zaxxer.hikari.HikariDataSource [SpringApplicationShutdownHook] HikariPool-1 - Shutdown initiated...
2023-06-20 23:59:17,155 INFO com.zaxxer.hikari.HikariDataSource [SpringApplicationShutdownHook] HikariPool-1 - Shutdown completed.
